<?xml version="1.0" encoding="UTF-8"?>
<!-- Generated by org.testng.reporters.JUnitReportReporter -->
<testsuite hostname="Sanzida-Kanta" failures="0" tests="6" name="testClasses.LogoutTest" time="41.390" errors="0" timestamp="2023-11-12T18:07:25 BDT" skipped="0">
  <testcase classname="testClasses.LogoutTest" name="loginIntoSystem" time="3.402"/>
  <testcase classname="testClasses.LogoutTest" name="clickOnAddToCart" time="3.138"/>
  <testcase classname="testClasses.LogoutTest" name="clickOnCartBtn" time="13.175"/>
  <testcase classname="testClasses.LogoutTest" name="checkOut" time="15.468"/>
  <testcase classname="testClasses.LogoutTest" name="confirmation" time="0.088"/>
  <testcase classname="testClasses.LogoutTest" name="logoutFromSystem" time="6.119"/>
</testsuite> <!-- testClasses.LogoutTest -->
